This is pdfTeX, Version 3.141592653-2.6-1.40.25 (TeX Live 2023) (preloaded format=pdflatex 2024.2.26)  15 APR 2025 15:19
entering extended mode
 restricted \write18 enabled.
 file:line:error style messages enabled.
 %&-line parsing enabled.
**"/Users/joaodeoliveria/Documents/GraduateSchool ResearchProjects/FastMatrixMultiplyAlgorithms/Latex/NewAge/UWOMT.tex"
(/Users/joaodeoliveria/Documents/GraduateSchool ResearchProjects/FastMatrixMultiplyAlgorithms/Latex/NewAge/UWOMT.tex
LaTeX2e <2022-11-01> patch level 1
L3 programming layer <2023-02-22> (/usr/local/texlive/2023/texmf-dist/tex/latex/base/article.cls
Document Class: article 2022/07/02 v1.4n Standard LaTeX document class
(/usr/local/texlive/2023/texmf-dist/tex/latex/base/size10.clo
File: size10.clo 2022/07/02 v1.4n Standard LaTeX file (size option)
)
\c@part=\count185
\c@section=\count186
\c@subsection=\count187
\c@subsubsection=\count188
\c@paragraph=\count189
\c@subparagraph=\count190
\c@figure=\count191
\c@table=\count192
\abovecaptionskip=\skip48
\belowcaptionskip=\skip49
\bibindent=\dimen140
) (/usr/local/texlive/2023/texmf-dist/tex/latex/base/latexsym.sty
Package: latexsym 1998/08/17 v2.2e Standard LaTeX package (lasy symbols)
\symlasy=\mathgroup4
LaTeX Font Info:    Overwriting symbol font `lasy' in version `bold'
(Font)                  U/lasy/m/n --> U/lasy/b/n on input line 52.
) (/usr/local/texlive/2023/texmf-dist/tex/latex/amsfonts/amssymb.sty
Package: amssymb 2013/01/14 v3.01 AMS font symbols
 (/usr/local/texlive/2023/texmf-dist/tex/latex/amsfonts/amsfonts.sty
Package: amsfonts 2013/01/14 v3.01 Basic AMSFonts support
\@emptytoks=\toks16
\symAMSa=\mathgroup5
\symAMSb=\mathgroup6
LaTeX Font Info:    Redeclaring math symbol \hbar on input line 98.
LaTeX Font Info:    Overwriting math alphabet `\mathfrak' in version `bold'
(Font)                  U/euf/m/n --> U/euf/b/n on input line 106.
)) (/usr/local/texlive/2023/texmf-dist/tex/latex/amsmath/amsmath.sty
Package: amsmath 2022/04/08 v2.17n AMS math features
\@mathmargin=\skip50

For additional information on amsmath, use the `?' option.
(/usr/local/texlive/2023/texmf-dist/tex/latex/amsmath/amstext.sty
Package: amstext 2021/08/26 v2.01 AMS text
 (/usr/local/texlive/2023/texmf-dist/tex/latex/amsmath/amsgen.sty
File: amsgen.sty 1999/11/30 v2.0 generic functions
\@emptytoks=\toks17
\ex@=\dimen141
)) (/usr/local/texlive/2023/texmf-dist/tex/latex/amsmath/amsbsy.sty
Package: amsbsy 1999/11/29 v1.2d Bold Symbols
\pmbraise@=\dimen142
) (/usr/local/texlive/2023/texmf-dist/tex/latex/amsmath/amsopn.sty
Package: amsopn 2022/04/08 v2.04 operator names
)
\inf@bad=\count193
LaTeX Info: Redefining \frac on input line 234.
\uproot@=\count194
\leftroot@=\count195
LaTeX Info: Redefining \overline on input line 399.
LaTeX Info: Redefining \colon on input line 410.
\classnum@=\count196
\DOTSCASE@=\count197
LaTeX Info: Redefining \ldots on input line 496.
LaTeX Info: Redefining \dots on input line 499.
LaTeX Info: Redefining \cdots on input line 620.
\Mathstrutbox@=\box51
\strutbox@=\box52
LaTeX Info: Redefining \big on input line 722.
LaTeX Info: Redefining \Big on input line 723.
LaTeX Info: Redefining \bigg on input line 724.
LaTeX Info: Redefining \Bigg on input line 725.
\big@size=\dimen143
LaTeX Font Info:    Redeclaring font encoding OML on input line 743.
LaTeX Font Info:    Redeclaring font encoding OMS on input line 744.
\macc@depth=\count198
LaTeX Info: Redefining \bmod on input line 905.
LaTeX Info: Redefining \pmod on input line 910.
LaTeX Info: Redefining \smash on input line 940.
LaTeX Info: Redefining \relbar on input line 970.
LaTeX Info: Redefining \Relbar on input line 971.
\c@MaxMatrixCols=\count199
\dotsspace@=\muskip16
\c@parentequation=\count266
\dspbrk@lvl=\count267
\tag@help=\toks18
\row@=\count268
\column@=\count269
\maxfields@=\count270
\andhelp@=\toks19
\eqnshift@=\dimen144
\alignsep@=\dimen145
\tagshift@=\dimen146
\tagwidth@=\dimen147
\totwidth@=\dimen148
\lineht@=\dimen149
\@envbody=\toks20
\multlinegap=\skip51
\multlinetaggap=\skip52
\mathdisplay@stack=\toks21
LaTeX Info: Redefining \[ on input line 2953.
LaTeX Info: Redefining \] on input line 2954.
) (/usr/local/texlive/2023/texmf-dist/tex/generic/youngtab/youngtab.sty
Package: youngtab 1999/05/19 v1.1; Macros for Young-Tableaux
\y@b@xdim=\dimen150
\y@boxdim=\dimen151
\y@linethick=\dimen152
\y@interspace=\skip53
\y@counter=\count271
) (/usr/local/texlive/2023/texmf-dist/tex/latex/multirow/multirow.sty
Package: multirow 2021/03/15 v2.8 Span multiple rows of a table
\multirow@colwidth=\skip54
\multirow@cntb=\count272
\multirow@dima=\skip55
\bigstrutjot=\dimen153
) (/usr/local/texlive/2023/texmf-dist/tex/latex/tools/array.sty
Package: array 2022/09/04 v2.5g Tabular extension package (FMi)
\col@sep=\dimen154
\ar@mcellbox=\box53
\extrarowheight=\dimen155
\NC@list=\toks22
\extratabsurround=\skip56
\backup@length=\skip57
\ar@cellbox=\box54
) (/usr/local/texlive/2023/texmf-dist/tex/latex/graphics/epsfig.sty
Package: epsfig 2017/06/25 v1.7b (e)psfig emulation (SPQR)
 (/usr/local/texlive/2023/texmf-dist/tex/latex/graphics/graphicx.sty
Package: graphicx 2021/09/16 v1.2d Enhanced LaTeX Graphics (DPC,SPQR)
 (/usr/local/texlive/2023/texmf-dist/tex/latex/graphics/keyval.sty
Package: keyval 2022/05/29 v1.15 key=value parser (DPC)
\KV@toks@=\toks23
) (/usr/local/texlive/2023/texmf-dist/tex/latex/graphics/graphics.sty
Package: graphics 2022/03/10 v1.4e Standard LaTeX Graphics (DPC,SPQR)
 (/usr/local/texlive/2023/texmf-dist/tex/latex/graphics/trig.sty
Package: trig 2021/08/11 v1.11 sin cos tan (DPC)
) (/usr/local/texlive/2023/texmf-dist/tex/latex/graphics-cfg/graphics.cfg
File: graphics.cfg 2016/06/04 v1.11 sample graphics configuration
)
Package graphics Info: Driver file: pdftex.def on input line 107.
 (/usr/local/texlive/2023/texmf-dist/tex/latex/graphics-def/pdftex.def
File: pdftex.def 2022/09/22 v1.2b Graphics/color driver for pdftex
))
\Gin@req@height=\dimen156
\Gin@req@width=\dimen157
)
\epsfxsize=\dimen158
\epsfysize=\dimen159
) (/usr/local/texlive/2023/texmf-dist/tex/latex/geometry/geometry.sty
Package: geometry 2020/01/02 v5.9 Page Geometry
 (/usr/local/texlive/2023/texmf-dist/tex/generic/iftex/ifvtex.sty
Package: ifvtex 2019/10/25 v1.7 ifvtex legacy package. Use iftex instead.
 (/usr/local/texlive/2023/texmf-dist/tex/generic/iftex/iftex.sty
Package: iftex 2022/02/03 v1.0f TeX engine tests
))
\Gm@cnth=\count273
\Gm@cntv=\count274
\c@Gm@tempcnt=\count275
\Gm@bindingoffset=\dimen160
\Gm@wd@mp=\dimen161
\Gm@odd@mp=\dimen162
\Gm@even@mp=\dimen163
\Gm@layoutwidth=\dimen164
\Gm@layoutheight=\dimen165
\Gm@layouthoffset=\dimen166
\Gm@layoutvoffset=\dimen167
\Gm@dimlist=\toks24
) (/usr/local/texlive/2023/texmf-dist/tex/generic/ulem/ulem.sty
\UL@box=\box55
\UL@hyphenbox=\box56
\UL@skip=\skip58
\UL@hook=\toks25
\UL@height=\dimen168
\UL@pe=\count276
\UL@pixel=\dimen169
\ULC@box=\box57
Package: ulem 2019/11/18
\ULdepth=\dimen170
) (/usr/local/texlive/2023/texmf-dist/tex/latex/pgf/frontendlayer/tikz.sty (/usr/local/texlive/2023/texmf-dist/tex/latex/pgf/basiclayer/pgf.sty (/usr/local/texlive/2023/texmf-dist/tex/latex/pgf/utilities/pgfrcs.sty (/usr/local/texlive/2023/texmf-dist/tex/generic/pgf/utilities/pgfutil-common.tex
\pgfutil@everybye=\toks26
\pgfutil@tempdima=\dimen171
\pgfutil@tempdimb=\dimen172
) (/usr/local/texlive/2023/texmf-dist/tex/generic/pgf/utilities/pgfutil-latex.def
\pgfutil@abb=\box58
) (/usr/local/texlive/2023/texmf-dist/tex/generic/pgf/utilities/pgfrcs.code.tex (/usr/local/texlive/2023/texmf-dist/tex/generic/pgf/pgf.revision.tex)
Package: pgfrcs 2023-01-15 v3.1.10 (3.1.10)
))
Package: pgf 2023-01-15 v3.1.10 (3.1.10)
 (/usr/local/texlive/2023/texmf-dist/tex/latex/pgf/basiclayer/pgfcore.sty (/usr/local/texlive/2023/texmf-dist/tex/latex/pgf/systemlayer/pgfsys.sty (/usr/local/texlive/2023/texmf-dist/tex/generic/pgf/systemlayer/pgfsys.code.tex
Package: pgfsys 2023-01-15 v3.1.10 (3.1.10)
 (/usr/local/texlive/2023/texmf-dist/tex/generic/pgf/utilities/pgfkeys.code.tex
\pgfkeys@pathtoks=\toks27
\pgfkeys@temptoks=\toks28
 (/usr/local/texlive/2023/texmf-dist/tex/generic/pgf/utilities/pgfkeyslibraryfiltered.code.tex
\pgfkeys@tmptoks=\toks29
))
\pgf@x=\dimen173
\pgf@y=\dimen174
\pgf@xa=\dimen175
\pgf@ya=\dimen176
\pgf@xb=\dimen177
\pgf@yb=\dimen178
\pgf@xc=\dimen179
\pgf@yc=\dimen180
\pgf@xd=\dimen181
\pgf@yd=\dimen182
\w@pgf@writea=\write3
\r@pgf@reada=\read2
\c@pgf@counta=\count277
\c@pgf@countb=\count278
\c@pgf@countc=\count279
\c@pgf@countd=\count280
\t@pgf@toka=\toks30
\t@pgf@tokb=\toks31
\t@pgf@tokc=\toks32
\pgf@sys@id@count=\count281
 (/usr/local/texlive/2023/texmf-dist/tex/generic/pgf/systemlayer/pgf.cfg
File: pgf.cfg 2023-01-15 v3.1.10 (3.1.10)
)
Driver file for pgf: pgfsys-pdftex.def
 (/usr/local/texlive/2023/texmf-dist/tex/generic/pgf/systemlayer/pgfsys-pdftex.def
File: pgfsys-pdftex.def 2023-01-15 v3.1.10 (3.1.10)
 (/usr/local/texlive/2023/texmf-dist/tex/generic/pgf/systemlayer/pgfsys-common-pdf.def
File: pgfsys-common-pdf.def 2023-01-15 v3.1.10 (3.1.10)
))) (/usr/local/texlive/2023/texmf-dist/tex/generic/pgf/systemlayer/pgfsyssoftpath.code.tex
File: pgfsyssoftpath.code.tex 2023-01-15 v3.1.10 (3.1.10)
\pgfsyssoftpath@smallbuffer@items=\count282
\pgfsyssoftpath@bigbuffer@items=\count283
) (/usr/local/texlive/2023/texmf-dist/tex/generic/pgf/systemlayer/pgfsysprotocol.code.tex
File: pgfsysprotocol.code.tex 2023-01-15 v3.1.10 (3.1.10)
)) (/usr/local/texlive/2023/texmf-dist/tex/latex/xcolor/xcolor.sty
Package: xcolor 2022/06/12 v2.14 LaTeX color extensions (UK)
 (/usr/local/texlive/2023/texmf-dist/tex/latex/graphics-cfg/color.cfg
File: color.cfg 2016/01/02 v1.6 sample color configuration
)
Package xcolor Info: Driver file: pdftex.def on input line 227.
 (/usr/local/texlive/2023/texmf-dist/tex/latex/graphics/mathcolor.ltx)
Package xcolor Info: Model `cmy' substituted by `cmy0' on input line 1353.
Package xcolor Info: Model `hsb' substituted by `rgb' on input line 1357.
Package xcolor Info: Model `RGB' extended on input line 1369.
Package xcolor Info: Model `HTML' substituted by `rgb' on input line 1371.
Package xcolor Info: Model `Hsb' substituted by `hsb' on input line 1372.
Package xcolor Info: Model `tHsb' substituted by `hsb' on input line 1373.
Package xcolor Info: Model `HSB' substituted by `hsb' on input line 1374.
Package xcolor Info: Model `Gray' substituted by `gray' on input line 1375.
Package xcolor Info: Model `wave' substituted by `hsb' on input line 1376.
) (/usr/local/texlive/2023/texmf-dist/tex/generic/pgf/basiclayer/pgfcore.code.tex
Package: pgfcore 2023-01-15 v3.1.10 (3.1.10)
 (/usr/local/texlive/2023/texmf-dist/tex/generic/pgf/math/pgfmath.code.tex (/usr/local/texlive/2023/texmf-dist/tex/generic/pgf/math/pgfmathutil.code.tex) (/usr/local/texlive/2023/texmf-dist/tex/generic/pgf/math/pgfmathparser.code.tex
\pgfmath@dimen=\dimen183
\pgfmath@count=\count284
\pgfmath@box=\box59
\pgfmath@toks=\toks33
\pgfmath@stack@operand=\toks34
\pgfmath@stack@operation=\toks35
) (/usr/local/texlive/2023/texmf-dist/tex/generic/pgf/math/pgfmathfunctions.code.tex) (/usr/local/texlive/2023/texmf-dist/tex/generic/pgf/math/pgfmathfunctions.basic.code.tex) (/usr/local/texlive/2023/texmf-dist/tex/generic/pgf/math/pgfmathfunctions.trigonometric.code.tex) (/usr/local/texlive/2023/texmf-dist/tex/generic/pgf/math/pgfmathfunctions.random.code.tex) (/usr/local/texlive/2023/texmf-dist/tex/generic/pgf/math/pgfmathfunctions.comparison.code.tex) (/usr/local/texlive/2023/texmf-dist/tex/generic/pgf/math/pgfmathfunctions.base.code.tex) (/usr/local/texlive/2023/texmf-dist/tex/generic/pgf/math/pgfmathfunctions.round.code.tex) (/usr/local/texlive/2023/texmf-dist/tex/generic/pgf/math/pgfmathfunctions.misc.code.tex) (/usr/local/texlive/2023/texmf-dist/tex/generic/pgf/math/pgfmathfunctions.integerarithmetics.code.tex) (/usr/local/texlive/2023/texmf-dist/tex/generic/pgf/math/pgfmathcalc.code.tex) (/usr/local/texlive/2023/texmf-dist/tex/generic/pgf/math/pgfmathfloat.code.tex
\c@pgfmathroundto@lastzeros=\count285
)) (/usr/local/texlive/2023/texmf-dist/tex/generic/pgf/math/pgfint.code.tex) (/usr/local/texlive/2023/texmf-dist/tex/generic/pgf/basiclayer/pgfcorepoints.code.tex
File: pgfcorepoints.code.tex 2023-01-15 v3.1.10 (3.1.10)
\pgf@picminx=\dimen184
\pgf@picmaxx=\dimen185
\pgf@picminy=\dimen186
\pgf@picmaxy=\dimen187
\pgf@pathminx=\dimen188
\pgf@pathmaxx=\dimen189
\pgf@pathminy=\dimen190
\pgf@pathmaxy=\dimen191
\pgf@xx=\dimen192
\pgf@xy=\dimen193
\pgf@yx=\dimen194
\pgf@yy=\dimen195
\pgf@zx=\dimen196
\pgf@zy=\dimen197
) (/usr/local/texlive/2023/texmf-dist/tex/generic/pgf/basiclayer/pgfcorepathconstruct.code.tex
File: pgfcorepathconstruct.code.tex 2023-01-15 v3.1.10 (3.1.10)
\pgf@path@lastx=\dimen198
\pgf@path@lasty=\dimen199
) (/usr/local/texlive/2023/texmf-dist/tex/generic/pgf/basiclayer/pgfcorepathusage.code.tex
File: pgfcorepathusage.code.tex 2023-01-15 v3.1.10 (3.1.10)
\pgf@shorten@end@additional=\dimen256
\pgf@shorten@start@additional=\dimen257
) (/usr/local/texlive/2023/texmf-dist/tex/generic/pgf/basiclayer/pgfcorescopes.code.tex
File: pgfcorescopes.code.tex 2023-01-15 v3.1.10 (3.1.10)
\pgfpic=\box60
\pgf@hbox=\box61
\pgf@layerbox@main=\box62
\pgf@picture@serial@count=\count286
) (/usr/local/texlive/2023/texmf-dist/tex/generic/pgf/basiclayer/pgfcoregraphicstate.code.tex
File: pgfcoregraphicstate.code.tex 2023-01-15 v3.1.10 (3.1.10)
\pgflinewidth=\dimen258
) (/usr/local/texlive/2023/texmf-dist/tex/generic/pgf/basiclayer/pgfcoretransformations.code.tex
File: pgfcoretransformations.code.tex 2023-01-15 v3.1.10 (3.1.10)
\pgf@pt@x=\dimen259
\pgf@pt@y=\dimen260
\pgf@pt@temp=\dimen261
) (/usr/local/texlive/2023/texmf-dist/tex/generic/pgf/basiclayer/pgfcorequick.code.tex
File: pgfcorequick.code.tex 2023-01-15 v3.1.10 (3.1.10)
) (/usr/local/texlive/2023/texmf-dist/tex/generic/pgf/basiclayer/pgfcoreobjects.code.tex
File: pgfcoreobjects.code.tex 2023-01-15 v3.1.10 (3.1.10)
) (/usr/local/texlive/2023/texmf-dist/tex/generic/pgf/basiclayer/pgfcorepathprocessing.code.tex
File: pgfcorepathprocessing.code.tex 2023-01-15 v3.1.10 (3.1.10)
) (/usr/local/texlive/2023/texmf-dist/tex/generic/pgf/basiclayer/pgfcorearrows.code.tex
File: pgfcorearrows.code.tex 2023-01-15 v3.1.10 (3.1.10)
\pgfarrowsep=\dimen262
) (/usr/local/texlive/2023/texmf-dist/tex/generic/pgf/basiclayer/pgfcoreshade.code.tex
File: pgfcoreshade.code.tex 2023-01-15 v3.1.10 (3.1.10)
\pgf@max=\dimen263
\pgf@sys@shading@range@num=\count287
\pgf@shadingcount=\count288
) (/usr/local/texlive/2023/texmf-dist/tex/generic/pgf/basiclayer/pgfcoreimage.code.tex
File: pgfcoreimage.code.tex 2023-01-15 v3.1.10 (3.1.10)
) (/usr/local/texlive/2023/texmf-dist/tex/generic/pgf/basiclayer/pgfcoreexternal.code.tex
File: pgfcoreexternal.code.tex 2023-01-15 v3.1.10 (3.1.10)
\pgfexternal@startupbox=\box63
) (/usr/local/texlive/2023/texmf-dist/tex/generic/pgf/basiclayer/pgfcorelayers.code.tex
File: pgfcorelayers.code.tex 2023-01-15 v3.1.10 (3.1.10)
) (/usr/local/texlive/2023/texmf-dist/tex/generic/pgf/basiclayer/pgfcoretransparency.code.tex
File: pgfcoretransparency.code.tex 2023-01-15 v3.1.10 (3.1.10)
) (/usr/local/texlive/2023/texmf-dist/tex/generic/pgf/basiclayer/pgfcorepatterns.code.tex
File: pgfcorepatterns.code.tex 2023-01-15 v3.1.10 (3.1.10)
) (/usr/local/texlive/2023/texmf-dist/tex/generic/pgf/basiclayer/pgfcorerdf.code.tex
File: pgfcorerdf.code.tex 2023-01-15 v3.1.10 (3.1.10)
))) (/usr/local/texlive/2023/texmf-dist/tex/generic/pgf/modules/pgfmoduleshapes.code.tex
File: pgfmoduleshapes.code.tex 2023-01-15 v3.1.10 (3.1.10)
\pgfnodeparttextbox=\box64
) (/usr/local/texlive/2023/texmf-dist/tex/generic/pgf/modules/pgfmoduleplot.code.tex
File: pgfmoduleplot.code.tex 2023-01-15 v3.1.10 (3.1.10)
) (/usr/local/texlive/2023/texmf-dist/tex/latex/pgf/compatibility/pgfcomp-version-0-65.sty
Package: pgfcomp-version-0-65 2023-01-15 v3.1.10 (3.1.10)
\pgf@nodesepstart=\dimen264
\pgf@nodesepend=\dimen265
) (/usr/local/texlive/2023/texmf-dist/tex/latex/pgf/compatibility/pgfcomp-version-1-18.sty
Package: pgfcomp-version-1-18 2023-01-15 v3.1.10 (3.1.10)
)) (/usr/local/texlive/2023/texmf-dist/tex/latex/pgf/utilities/pgffor.sty (/usr/local/texlive/2023/texmf-dist/tex/latex/pgf/utilities/pgfkeys.sty (/usr/local/texlive/2023/texmf-dist/tex/generic/pgf/utilities/pgfkeys.code.tex)) (/usr/local/texlive/2023/texmf-dist/tex/latex/pgf/math/pgfmath.sty (/usr/local/texlive/2023/texmf-dist/tex/generic/pgf/math/pgfmath.code.tex)) (/usr/local/texlive/2023/texmf-dist/tex/generic/pgf/utilities/pgffor.code.tex
Package: pgffor 2023-01-15 v3.1.10 (3.1.10)
\pgffor@iter=\dimen266
\pgffor@skip=\dimen267
\pgffor@stack=\toks36
\pgffor@toks=\toks37
)) (/usr/local/texlive/2023/texmf-dist/tex/generic/pgf/frontendlayer/tikz/tikz.code.tex
Package: tikz 2023-01-15 v3.1.10 (3.1.10)
 (/usr/local/texlive/2023/texmf-dist/tex/generic/pgf/libraries/pgflibraryplothandlers.code.tex
File: pgflibraryplothandlers.code.tex 2023-01-15 v3.1.10 (3.1.10)
\pgf@plot@mark@count=\count289
\pgfplotmarksize=\dimen268
)
\tikz@lastx=\dimen269
\tikz@lasty=\dimen270
\tikz@lastxsaved=\dimen271
\tikz@lastysaved=\dimen272
\tikz@lastmovetox=\dimen273
\tikz@lastmovetoy=\dimen274
\tikzleveldistance=\dimen275
\tikzsiblingdistance=\dimen276
\tikz@figbox=\box65
\tikz@figbox@bg=\box66
\tikz@tempbox=\box67
\tikz@tempbox@bg=\box68
\tikztreelevel=\count290
\tikznumberofchildren=\count291
\tikznumberofcurrentchild=\count292
\tikz@fig@count=\count293
 (/usr/local/texlive/2023/texmf-dist/tex/generic/pgf/modules/pgfmodulematrix.code.tex
File: pgfmodulematrix.code.tex 2023-01-15 v3.1.10 (3.1.10)
\pgfmatrixcurrentrow=\count294
\pgfmatrixcurrentcolumn=\count295
\pgf@matrix@numberofcolumns=\count296
)
\tikz@expandcount=\count297
 (/usr/local/texlive/2023/texmf-dist/tex/generic/pgf/frontendlayer/tikz/libraries/tikzlibrarytopaths.code.tex
File: tikzlibrarytopaths.code.tex 2023-01-15 v3.1.10 (3.1.10)
))) (/usr/local/texlive/2023/texmf-dist/tex/generic/pgf/frontendlayer/tikz/libraries/tikzlibrarypositioning.code.tex
File: tikzlibrarypositioning.code.tex 2023-01-15 v3.1.10 (3.1.10)
) (/usr/local/texlive/2023/texmf-dist/tex/latex/pdflscape/pdflscape.sty
Package: pdflscape 2022-10-27 v0.13 Display of landscape pages in PDF
 (/usr/local/texlive/2023/texmf-dist/tex/latex/pdflscape/pdflscape-nometadata.sty
Package: pdflscape-nometadata 2022-10-28 v0.13 Display of landscape pages in PDF (HO)
 (/usr/local/texlive/2023/texmf-dist/tex/latex/graphics/lscape.sty
Package: lscape 2020/05/28 v3.02 Landscape Pages (DPC)
)
Package pdflscape Info: Auto-detected driver: pdftex on input line 81.
)) (/usr/local/texlive/2023/texmf-dist/tex/latex/hyperref/hyperref.sty
Package: hyperref 2023-02-07 v7.00v Hypertext links for LaTeX
 (/usr/local/texlive/2023/texmf-dist/tex/generic/ltxcmds/ltxcmds.sty
Package: ltxcmds 2020-05-10 v1.25 LaTeX kernel commands for general use (HO)
) (/usr/local/texlive/2023/texmf-dist/tex/generic/pdftexcmds/pdftexcmds.sty
Package: pdftexcmds 2020-06-27 v0.33 Utility functions of pdfTeX for LuaTeX (HO)
 (/usr/local/texlive/2023/texmf-dist/tex/generic/infwarerr/infwarerr.sty
Package: infwarerr 2019/12/03 v1.5 Providing info/warning/error messages (HO)
)
Package pdftexcmds Info: \pdf@primitive is available.
Package pdftexcmds Info: \pdf@ifprimitive is available.
Package pdftexcmds Info: \pdfdraftmode found.
) (/usr/local/texlive/2023/texmf-dist/tex/latex/kvsetkeys/kvsetkeys.sty
Package: kvsetkeys 2022-10-05 v1.19 Key value parser (HO)
) (/usr/local/texlive/2023/texmf-dist/tex/generic/kvdefinekeys/kvdefinekeys.sty
Package: kvdefinekeys 2019-12-19 v1.6 Define keys (HO)
) (/usr/local/texlive/2023/texmf-dist/tex/generic/pdfescape/pdfescape.sty
Package: pdfescape 2019/12/09 v1.15 Implements pdfTeX's escape features (HO)
) (/usr/local/texlive/2023/texmf-dist/tex/latex/hycolor/hycolor.sty
Package: hycolor 2020-01-27 v1.10 Color options for hyperref/bookmark (HO)
) (/usr/local/texlive/2023/texmf-dist/tex/latex/letltxmacro/letltxmacro.sty
Package: letltxmacro 2019/12/03 v1.6 Let assignment for LaTeX macros (HO)
) (/usr/local/texlive/2023/texmf-dist/tex/latex/auxhook/auxhook.sty
Package: auxhook 2019-12-17 v1.6 Hooks for auxiliary files (HO)
) (/usr/local/texlive/2023/texmf-dist/tex/latex/hyperref/nameref.sty
Package: nameref 2022-05-17 v2.50 Cross-referencing by name of section
 (/usr/local/texlive/2023/texmf-dist/tex/latex/refcount/refcount.sty
Package: refcount 2019/12/15 v3.6 Data extraction from label references (HO)
) (/usr/local/texlive/2023/texmf-dist/tex/generic/gettitlestring/gettitlestring.sty
Package: gettitlestring 2019/12/15 v1.6 Cleanup title references (HO)
 (/usr/local/texlive/2023/texmf-dist/tex/latex/kvoptions/kvoptions.sty
Package: kvoptions 2022-06-15 v3.15 Key value format for package options (HO)
))
\c@section@level=\count298
)
\@linkdim=\dimen277
\Hy@linkcounter=\count299
\Hy@pagecounter=\count300
 (/usr/local/texlive/2023/texmf-dist/tex/latex/hyperref/pd1enc.def
File: pd1enc.def 2023-02-07 v7.00v Hyperref: PDFDocEncoding definition (HO)
Now handling font encoding PD1 ...
... no UTF-8 mapping file for font encoding PD1
) (/usr/local/texlive/2023/texmf-dist/tex/generic/intcalc/intcalc.sty
Package: intcalc 2019/12/15 v1.3 Expandable calculations with integers (HO)
) (/usr/local/texlive/2023/texmf-dist/tex/generic/etexcmds/etexcmds.sty
Package: etexcmds 2019/12/15 v1.7 Avoid name clashes with e-TeX commands (HO)
)
\Hy@SavedSpaceFactor=\count301
 (/usr/local/texlive/2023/texmf-dist/tex/latex/hyperref/puenc.def
File: puenc.def 2023-02-07 v7.00v Hyperref: PDF Unicode definition (HO)
Now handling font encoding PU ...
... no UTF-8 mapping file for font encoding PU
)
Package hyperref Info: Hyper figures OFF on input line 4177.
Package hyperref Info: Link nesting OFF on input line 4182.
Package hyperref Info: Hyper index ON on input line 4185.
Package hyperref Info: Plain pages OFF on input line 4192.
Package hyperref Info: Backreferencing OFF on input line 4197.
Package hyperref Info: Implicit mode ON; LaTeX internals redefined.
Package hyperref Info: Bookmarks ON on input line 4425.
\c@Hy@tempcnt=\count302
 (/usr/local/texlive/2023/texmf-dist/tex/latex/url/url.sty
\Urlmuskip=\muskip17
Package: url 2013/09/16  ver 3.4  Verb mode for urls, etc.
)
LaTeX Info: Redefining \url on input line 4763.
\XeTeXLinkMargin=\dimen278
 (/usr/local/texlive/2023/texmf-dist/tex/generic/bitset/bitset.sty
Package: bitset 2019/12/09 v1.3 Handle bit-vector datatype (HO)
 (/usr/local/texlive/2023/texmf-dist/tex/generic/bigintcalc/bigintcalc.sty
Package: bigintcalc 2019/12/15 v1.5 Expandable calculations on big integers (HO)
))
\Fld@menulength=\count303
\Field@Width=\dimen279
\Fld@charsize=\dimen280
Package hyperref Info: Hyper figures OFF on input line 6042.
Package hyperref Info: Link nesting OFF on input line 6047.
Package hyperref Info: Hyper index ON on input line 6050.
Package hyperref Info: backreferencing OFF on input line 6057.
Package hyperref Info: Link coloring OFF on input line 6062.
Package hyperref Info: Link coloring with OCG OFF on input line 6067.
Package hyperref Info: PDF/A mode OFF on input line 6072.
 (/usr/local/texlive/2023/texmf-dist/tex/latex/base/atbegshi-ltx.sty
Package: atbegshi-ltx 2021/01/10 v1.0c Emulation of the original atbegshi
package with kernel methods
)
\Hy@abspage=\count304
\c@Item=\count305
\c@Hfootnote=\count306
)
Package hyperref Info: Driver (autodetected): hpdftex.
 (/usr/local/texlive/2023/texmf-dist/tex/latex/hyperref/hpdftex.def
File: hpdftex.def 2023-02-07 v7.00v Hyperref driver for pdfTeX
 (/usr/local/texlive/2023/texmf-dist/tex/latex/base/atveryend-ltx.sty
Package: atveryend-ltx 2020/08/19 v1.0a Emulation of the original atveryend package
with kernel methods
)
\Fld@listcount=\count307
\c@bookmark@seq@number=\count308
 (/usr/local/texlive/2023/texmf-dist/tex/latex/rerunfilecheck/rerunfilecheck.sty
Package: rerunfilecheck 2022-07-10 v1.10 Rerun checks for auxiliary files (HO)
 (/usr/local/texlive/2023/texmf-dist/tex/generic/uniquecounter/uniquecounter.sty
Package: uniquecounter 2019/12/15 v1.4 Provide unlimited unique counter (HO)
)
Package uniquecounter Info: New unique counter `rerunfilecheck' on input line 285.
)
\Hy@SectionHShift=\skip59
) (/usr/local/texlive/2023/texmf-dist/tex/latex/l3backend/l3backend-pdftex.def
File: l3backend-pdftex.def 2023-01-16 L3 backend support: PDF output (pdfTeX)
\l__color_backend_stack_int=\count309
\l__pdf_internal_box=\box69
) (./UWOMT.aux)
\openout1 = `UWOMT.aux'.

LaTeX Font Info:    Checking defaults for OML/cmm/m/it on input line 23.
LaTeX Font Info:    ... okay on input line 23.
LaTeX Font Info:    Checking defaults for OMS/cmsy/m/n on input line 23.
LaTeX Font Info:    ... okay on input line 23.
LaTeX Font Info:    Checking defaults for OT1/cmr/m/n on input line 23.
LaTeX Font Info:    ... okay on input line 23.
LaTeX Font Info:    Checking defaults for T1/cmr/m/n on input line 23.
LaTeX Font Info:    ... okay on input line 23.
LaTeX Font Info:    Checking defaults for TS1/cmr/m/n on input line 23.
LaTeX Font Info:    ... okay on input line 23.
LaTeX Font Info:    Checking defaults for OMX/cmex/m/n on input line 23.
LaTeX Font Info:    ... okay on input line 23.
LaTeX Font Info:    Checking defaults for U/cmr/m/n on input line 23.
LaTeX Font Info:    ... okay on input line 23.
LaTeX Font Info:    Checking defaults for PD1/pdf/m/n on input line 23.
LaTeX Font Info:    ... okay on input line 23.
LaTeX Font Info:    Checking defaults for PU/pdf/m/n on input line 23.
LaTeX Font Info:    ... okay on input line 23.
 (/usr/local/texlive/2023/texmf-dist/tex/context/base/mkii/supp-pdf.mkii
[Loading MPS to PDF converter (version 2006.09.02).]
\scratchcounter=\count310
\scratchdimen=\dimen281
\scratchbox=\box70
\nofMPsegments=\count311
\nofMParguments=\count312
\everyMPshowfont=\toks38
\MPscratchCnt=\count313
\MPscratchDim=\dimen282
\MPnumerator=\count314
\makeMPintoPDFobject=\count315
\everyMPtoPDFconversion=\toks39
) (/usr/local/texlive/2023/texmf-dist/tex/latex/epstopdf-pkg/epstopdf-base.sty
Package: epstopdf-base 2020-01-24 v2.11 Base part for package epstopdf
Package epstopdf-base Info: Redefining graphics rule for `.eps' on input line 485.
 (/usr/local/texlive/2023/texmf-dist/tex/latex/latexconfig/epstopdf-sys.cfg
File: epstopdf-sys.cfg 2010/07/13 v1.3 Configuration of (r)epstopdf for TeX Live
))
*geometry* driver: auto-detecting
*geometry* detected driver: pdftex
*geometry* verbose mode - [ preamble ] result:
* driver: pdftex
* paper: <default>
* layout: <same size as paper>
* layoutoffset:(h,v)=(0.0pt,0.0pt)
* modes: 
* h-part:(L,W,R)=(35.56593pt, 543.16313pt, 35.56593pt)
* v-part:(T,H,B)=(35.56593pt, 723.83812pt, 35.56593pt)
* \paperwidth=614.295pt
* \paperheight=794.96999pt
* \textwidth=543.16313pt
* \textheight=723.83812pt
* \oddsidemargin=-36.70406pt
* \evensidemargin=-36.70406pt
* \topmargin=-73.70406pt
* \headheight=12.0pt
* \headsep=25.0pt
* \topskip=10.0pt
* \footskip=30.0pt
* \marginparwidth=65.0pt
* \marginparsep=11.0pt
* \columnsep=10.0pt
* \skip\footins=9.0pt plus 4.0pt minus 2.0pt
* \hoffset=0.0pt
* \voffset=0.0pt
* \mag=1000
* \@twocolumnfalse
* \@twosidefalse
* \@mparswitchfalse
* \@reversemarginfalse
* (1in=72.27pt=25.4mm, 1cm=28.453pt)

Package hyperref Info: Link coloring OFF on input line 23.
(./UWOMT.out) (./UWOMT.out)
\@outlinefile=\write4
\openout4 = `UWOMT.out'.

LaTeX Font Info:    Trying to load font information for U+lasy on input line 25.
 (/usr/local/texlive/2023/texmf-dist/tex/latex/base/ulasy.fd
File: ulasy.fd 1998/08/17 v2.2e LaTeX symbol font definitions
)
LaTeX Font Info:    Trying to load font information for U+msa on input line 25.
 (/usr/local/texlive/2023/texmf-dist/tex/latex/amsfonts/umsa.fd
File: umsa.fd 2013/01/14 v3.01 AMS symbols A
)
LaTeX Font Info:    Trying to load font information for U+msb on input line 25.
 (/usr/local/texlive/2023/texmf-dist/tex/latex/amsfonts/umsb.fd
File: umsb.fd 2013/01/14 v3.01 AMS symbols B
) (./UWOMT.toc)
\tf@toc=\write5
\openout5 = `UWOMT.toc'.

 [1

{/usr/local/texlive/2023/texmf-var/fonts/map/pdftex/updmap/pdftex.map}] [2]
Overfull \vbox (7.36298pt too high) has occurred while \output is active []

 [3]
Overfull \hbox (2.61078pt too wide) in paragraph at lines 231--231
 [][]$ [] $ 
 []


Overfull \hbox (2.61078pt too wide) in paragraph at lines 231--231
 [][]$ [] $ 
 []


Overfull \hbox (2.61078pt too wide) in paragraph at lines 231--231
 [][]$ [] $ 
 []


Overfull \hbox (9.22198pt too wide) in paragraph at lines 231--231
 [][]$ [] $ 
 []


Overfull \hbox (2.61078pt too wide) in paragraph at lines 231--231
 [][]$ [] $ 
 []


Overfull \hbox (2.61078pt too wide) in paragraph at lines 231--231
 [][]$ [] $ 
 []


Overfull \hbox (2.61078pt too wide) in paragraph at lines 231--231
 [][]$ [] $ 
 []


Overfull \hbox (9.22198pt too wide) in paragraph at lines 231--231
 [][]$ [] $ 
 []


Overfull \hbox (14.99399pt too wide) in paragraph at lines 127--232
[][] 
 []


Overfull \hbox (2.61078pt too wide) in paragraph at lines 304--304
 [][]$ [] $ 
 []


Overfull \hbox (2.61078pt too wide) in paragraph at lines 304--304
 [][]$ [] $ 
 []


Overfull \hbox (2.61078pt too wide) in paragraph at lines 304--304
 [][]$ [] $ 
 []


Overfull \hbox (9.22198pt too wide) in paragraph at lines 304--304
 [][]$ [] $ 
 []


Overfull \hbox (2.61078pt too wide) in paragraph at lines 304--304
 [][]$ [] $ 
 []


Overfull \hbox (2.61078pt too wide) in paragraph at lines 304--304
 [][]$ [] $ 
 []


Overfull \hbox (2.61078pt too wide) in paragraph at lines 304--304
 [][]$ [] $ 
 []


Overfull \hbox (9.22198pt too wide) in paragraph at lines 304--304
 [][]$ [] $ 
 []


Overfull \hbox (14.99399pt too wide) in paragraph at lines 234--305
[][] 
 []

[4

] [5

]
Overfull \vbox (7.36298pt too high) has occurred while \output is active []

 [6]
Overfull \hbox (2.61078pt too wide) in paragraph at lines 509--509
 [][]$ [] $ 
 []


Overfull \hbox (2.61078pt too wide) in paragraph at lines 509--509
 [][]$ [] $ 
 []


Overfull \hbox (2.61078pt too wide) in paragraph at lines 509--509
 [][]$ [] $ 
 []


Overfull \hbox (2.61078pt too wide) in paragraph at lines 509--509
 [][]$ [] $ 
 []


Overfull \hbox (2.61078pt too wide) in paragraph at lines 509--509
 [][]$ [] $ 
 []


Overfull \hbox (2.61078pt too wide) in paragraph at lines 509--509
 [][]$ [] $ 
 []


Overfull \hbox (2.61078pt too wide) in paragraph at lines 509--509
 [][]$ [] $ 
 []


Overfull \hbox (2.61078pt too wide) in paragraph at lines 509--509
 [][]$ [] $ 
 []


Overfull \hbox (2.61078pt too wide) in paragraph at lines 509--509
 [][]$ [] $ 
 []


Overfull \hbox (15.03157pt too wide) in paragraph at lines 403--510
[][] 
 []


Overfull \hbox (2.61078pt too wide) in paragraph at lines 582--582
 [][]$ [] $ 
 []


Overfull \hbox (2.61078pt too wide) in paragraph at lines 582--582
 [][]$ [] $ 
 []


Overfull \hbox (2.61078pt too wide) in paragraph at lines 582--582
 [][]$ [] $ 
 []


Overfull \hbox (2.61078pt too wide) in paragraph at lines 582--582
 [][]$ [] $ 
 []


Overfull \hbox (2.61078pt too wide) in paragraph at lines 582--582
 [][]$ [] $ 
 []


Overfull \hbox (2.61078pt too wide) in paragraph at lines 582--582
 [][]$ [] $ 
 []


Overfull \hbox (2.61078pt too wide) in paragraph at lines 582--582
 [][]$ [] $ 
 []


Overfull \hbox (2.61078pt too wide) in paragraph at lines 582--582
 [][]$ [] $ 
 []


Overfull \hbox (2.61078pt too wide) in paragraph at lines 582--582
 [][]$ [] $ 
 []


Overfull \hbox (15.03157pt too wide) in paragraph at lines 512--583
[][] 
 []

[7

] [8

]
Overfull \vbox (7.36298pt too high) has occurred while \output is active []

 [9]
Overfull \hbox (2.61078pt too wide) in paragraph at lines 786--786
 [][]$ [] $ 
 []


Overfull \hbox (2.61078pt too wide) in paragraph at lines 786--786
 [][]$ [] $ 
 []


Overfull \hbox (2.61078pt too wide) in paragraph at lines 786--786
 [][]$ [] $ 
 []


Overfull \hbox (2.61078pt too wide) in paragraph at lines 786--786
 [][]$ [] $ 
 []


Overfull \hbox (2.61078pt too wide) in paragraph at lines 786--786
 [][]$ [] $ 
 []


Overfull \hbox (2.61078pt too wide) in paragraph at lines 786--786
 [][]$ [] $ 
 []


Overfull \hbox (2.61078pt too wide) in paragraph at lines 786--786
 [][]$ [] $ 
 []


Overfull \hbox (2.61078pt too wide) in paragraph at lines 786--786
 [][]$ [] $ 
 []


Overfull \hbox (2.61078pt too wide) in paragraph at lines 786--786
 [][]$ [] $ 
 []


Overfull \hbox (15.03157pt too wide) in paragraph at lines 680--787
[][] 
 []


Overfull \hbox (2.61078pt too wide) in paragraph at lines 859--859
 [][]$ [] $ 
 []


Overfull \hbox (2.61078pt too wide) in paragraph at lines 859--859
 [][]$ [] $ 
 []


Overfull \hbox (2.61078pt too wide) in paragraph at lines 859--859
 [][]$ [] $ 
 []


Overfull \hbox (2.61078pt too wide) in paragraph at lines 859--859
 [][]$ [] $ 
 []


Overfull \hbox (2.61078pt too wide) in paragraph at lines 859--859
 [][]$ [] $ 
 []


Overfull \hbox (2.61078pt too wide) in paragraph at lines 859--859
 [][]$ [] $ 
 []


Overfull \hbox (2.61078pt too wide) in paragraph at lines 859--859
 [][]$ [] $ 
 []


Overfull \hbox (2.61078pt too wide) in paragraph at lines 859--859
 [][]$ [] $ 
 []


Overfull \hbox (2.61078pt too wide) in paragraph at lines 859--859
 [][]$ [] $ 
 []


Overfull \hbox (15.03157pt too wide) in paragraph at lines 789--860
[][] 
 []

[10

] [11

]
Overfull \vbox (7.36298pt too high) has occurred while \output is active []

 [12]
Overfull \hbox (2.61078pt too wide) in paragraph at lines 1053--1053
 [][]$ [] $ 
 []


Overfull \hbox (2.61078pt too wide) in paragraph at lines 1053--1053
 [][]$ [] $ 
 []


Overfull \hbox (2.61078pt too wide) in paragraph at lines 1053--1053
 [][]$ [] $ 
 []


Overfull \hbox (2.61078pt too wide) in paragraph at lines 1053--1053
 [][]$ [] $ 
 []


Overfull \hbox (2.61078pt too wide) in paragraph at lines 1053--1053
 [][]$ [] $ 
 []


Overfull \hbox (2.61078pt too wide) in paragraph at lines 1053--1053
 [][]$ [] $ 
 []


Overfull \hbox (2.61078pt too wide) in paragraph at lines 1053--1053
 [][]$ [] $ 
 []


Overfull \hbox (15.03157pt too wide) in paragraph at lines 959--1054
[][] 
 []


Overfull \hbox (2.61078pt too wide) in paragraph at lines 1124--1124
 [][]$ [] $ 
 []


Overfull \hbox (2.61078pt too wide) in paragraph at lines 1124--1124
 [][]$ [] $ 
 []


Overfull \hbox (2.61078pt too wide) in paragraph at lines 1124--1124
 [][]$ [] $ 
 []


Overfull \hbox (2.61078pt too wide) in paragraph at lines 1124--1124
 [][]$ [] $ 
 []


Overfull \hbox (2.61078pt too wide) in paragraph at lines 1124--1124
 [][]$ [] $ 
 []


Overfull \hbox (2.61078pt too wide) in paragraph at lines 1124--1124
 [][]$ [] $ 
 []


Overfull \hbox (2.61078pt too wide) in paragraph at lines 1124--1124
 [][]$ [] $ 
 []


Overfull \hbox (15.03157pt too wide) in paragraph at lines 1056--1125
[][] 
 []

[13

] [14

]
Overfull \vbox (7.36298pt too high) has occurred while \output is active []

 [15]
Overfull \hbox (2.61078pt too wide) in paragraph at lines 1317--1317
 [][]$ [] $ 
 []


Overfull \hbox (2.61078pt too wide) in paragraph at lines 1317--1317
 [][]$ [] $ 
 []


Overfull \hbox (2.61078pt too wide) in paragraph at lines 1317--1317
 [][]$ [] $ 
 []


Overfull \hbox (2.61078pt too wide) in paragraph at lines 1317--1317
 [][]$ [] $ 
 []


Overfull \hbox (2.61078pt too wide) in paragraph at lines 1317--1317
 [][]$ [] $ 
 []


Overfull \hbox (9.22198pt too wide) in paragraph at lines 1317--1317
 [][]$ [] $ 
 []


Overfull \hbox (2.61078pt too wide) in paragraph at lines 1317--1317
 [][]$ [] $ 
 []


Overfull \hbox (15.02434pt too wide) in paragraph at lines 1223--1318
[][] 
 []


Overfull \hbox (2.61078pt too wide) in paragraph at lines 1388--1388
 [][]$ [] $ 
 []


Overfull \hbox (2.61078pt too wide) in paragraph at lines 1388--1388
 [][]$ [] $ 
 []


Overfull \hbox (2.61078pt too wide) in paragraph at lines 1388--1388
 [][]$ [] $ 
 []


Overfull \hbox (2.61078pt too wide) in paragraph at lines 1388--1388
 [][]$ [] $ 
 []


Overfull \hbox (2.61078pt too wide) in paragraph at lines 1388--1388
 [][]$ [] $ 
 []


Overfull \hbox (9.22198pt too wide) in paragraph at lines 1388--1388
 [][]$ [] $ 
 []


Overfull \hbox (2.61078pt too wide) in paragraph at lines 1388--1388
 [][]$ [] $ 
 []


Overfull \hbox (15.02434pt too wide) in paragraph at lines 1320--1389
[][] 
 []

[16

] [17

]
Overfull \vbox (7.36298pt too high) has occurred while \output is active []

 [18]
Overfull \hbox (2.61078pt too wide) in paragraph at lines 1579--1579
 [][]$ [] $ 
 []


Overfull \hbox (2.61078pt too wide) in paragraph at lines 1579--1579
 [][]$ [] $ 
 []


Overfull \hbox (2.61078pt too wide) in paragraph at lines 1579--1579
 [][]$ [] $ 
 []


Overfull \hbox (2.61078pt too wide) in paragraph at lines 1579--1579
 [][]$ [] $ 
 []


Overfull \hbox (2.61078pt too wide) in paragraph at lines 1579--1579
 [][]$ [] $ 
 []


Overfull \hbox (2.61078pt too wide) in paragraph at lines 1579--1579
 [][]$ [] $ 
 []


Overfull \hbox (2.61078pt too wide) in paragraph at lines 1579--1579
 [][]$ [] $ 
 []


Overfull \hbox (15.02434pt too wide) in paragraph at lines 1485--1580
[][] 
 []


Overfull \hbox (2.61078pt too wide) in paragraph at lines 1650--1650
 [][]$ [] $ 
 []


Overfull \hbox (2.61078pt too wide) in paragraph at lines 1650--1650
 [][]$ [] $ 
 []


Overfull \hbox (2.61078pt too wide) in paragraph at lines 1650--1650
 [][]$ [] $ 
 []


Overfull \hbox (2.61078pt too wide) in paragraph at lines 1650--1650
 [][]$ [] $ 
 []


Overfull \hbox (2.61078pt too wide) in paragraph at lines 1650--1650
 [][]$ [] $ 
 []


Overfull \hbox (2.61078pt too wide) in paragraph at lines 1650--1650
 [][]$ [] $ 
 []


Overfull \hbox (2.61078pt too wide) in paragraph at lines 1650--1650
 [][]$ [] $ 
 []


Overfull \hbox (15.02434pt too wide) in paragraph at lines 1582--1651
[][] 
 []

[19

]

Package hyperref Warning: Token not allowed in a PDF string (Unicode):
(hyperref)                removing `math shift' on input line 1653.


Package hyperref Warning: Token not allowed in a PDF string (Unicode):
(hyperref)                removing `superscript' on input line 1653.


Package hyperref Warning: Token not allowed in a PDF string (Unicode):
(hyperref)                removing `math shift' on input line 1653.

[20

]
Overfull \vbox (7.36298pt too high) has occurred while \output is active []

 [21]
Overfull \hbox (2.61078pt too wide) in paragraph at lines 1830--1830
 [][]$ [] $ 
 []


Overfull \hbox (2.61078pt too wide) in paragraph at lines 1830--1830
 [][]$ [] $ 
 []


Overfull \hbox (2.61078pt too wide) in paragraph at lines 1830--1830
 [][]$ [] $ 
 []


Overfull \hbox (2.61078pt too wide) in paragraph at lines 1830--1830
 [][]$ [] $ 
 []


Overfull \hbox (9.22198pt too wide) in paragraph at lines 1830--1830
 [][]$ [] $ 
 []


Overfull \hbox (15.00833pt too wide) in paragraph at lines 1746--1831
[][] 
 []


Overfull \hbox (2.61078pt too wide) in paragraph at lines 1899--1899
 [][]$ [] $ 
 []


Overfull \hbox (2.61078pt too wide) in paragraph at lines 1899--1899
 [][]$ [] $ 
 []


Overfull \hbox (2.61078pt too wide) in paragraph at lines 1899--1899
 [][]$ [] $ 
 []


Overfull \hbox (2.61078pt too wide) in paragraph at lines 1899--1899
 [][]$ [] $ 
 []


Overfull \hbox (9.22198pt too wide) in paragraph at lines 1899--1899
 [][]$ [] $ 
 []


Overfull \hbox (15.00833pt too wide) in paragraph at lines 1833--1900
[][] 
 []

[22

]

Package hyperref Warning: Token not allowed in a PDF string (Unicode):
(hyperref)                removing `math shift' on input line 1905.


Package hyperref Warning: Token not allowed in a PDF string (Unicode):
(hyperref)                removing `superscript' on input line 1905.


Package hyperref Warning: Token not allowed in a PDF string (Unicode):
(hyperref)                removing `math shift' on input line 1905.

[23

]
Overfull \vbox (8.75743pt too high) has occurred while \output is active []

 [24]
Overfull \hbox (2.61078pt too wide) in paragraph at lines 2079--2079
 [][]$ [] $ 
 []


Overfull \hbox (2.61078pt too wide) in paragraph at lines 2079--2079
 [][]$ [] $ 
 []


Overfull \hbox (2.61078pt too wide) in paragraph at lines 2079--2079
 [][]$ [] $ 
 []


Overfull \hbox (2.61078pt too wide) in paragraph at lines 2079--2079
 [][]$ [] $ 
 []


Overfull \hbox (9.22198pt too wide) in paragraph at lines 2079--2079
 [][]$ [] $ 
 []


Overfull \hbox (15.00833pt too wide) in paragraph at lines 1995--2080
[][] 
 []


Overfull \hbox (2.61078pt too wide) in paragraph at lines 2148--2148
 [][]$ [] $ 
 []


Overfull \hbox (2.61078pt too wide) in paragraph at lines 2148--2148
 [][]$ [] $ 
 []


Overfull \hbox (2.61078pt too wide) in paragraph at lines 2148--2148
 [][]$ [] $ 
 []


Overfull \hbox (2.61078pt too wide) in paragraph at lines 2148--2148
 [][]$ [] $ 
 []


Overfull \hbox (9.22198pt too wide) in paragraph at lines 2148--2148
 [][]$ [] $ 
 []


Overfull \hbox (15.00833pt too wide) in paragraph at lines 2082--2149
[][] 
 []

[25

] [26

]
Overfull \vbox (12.9408pt too high) has occurred while \output is active []

 [27]
Overfull \hbox (2.61078pt too wide) in paragraph at lines 2347--2347
 [][]$ [] $ 
 []


Overfull \hbox (2.61078pt too wide) in paragraph at lines 2347--2347
 [][]$ [] $ 
 []


Overfull \hbox (2.61078pt too wide) in paragraph at lines 2347--2347
 [][]$ [] $ 
 []


Overfull \hbox (2.61078pt too wide) in paragraph at lines 2347--2347
 [][]$ [] $ 
 []


Overfull \hbox (2.61078pt too wide) in paragraph at lines 2347--2347
 [][]$ [] $ 
 []


Overfull \hbox (2.61078pt too wide) in paragraph at lines 2347--2347
 [][]$ [] $ 
 []


Overfull \hbox (2.61078pt too wide) in paragraph at lines 2347--2347
 [][]$ [] $ 
 []


Overfull \hbox (2.61078pt too wide) in paragraph at lines 2347--2347
 [][]$ [] $ 
 []


Overfull \hbox (15.03157pt too wide) in paragraph at lines 2241--2348
[][] 
 []


Overfull \hbox (2.61078pt too wide) in paragraph at lines 2420--2420
 [][]$ [] $ 
 []


Overfull \hbox (2.61078pt too wide) in paragraph at lines 2420--2420
 [][]$ [] $ 
 []


Overfull \hbox (2.61078pt too wide) in paragraph at lines 2420--2420
 [][]$ [] $ 
 []


Overfull \hbox (2.61078pt too wide) in paragraph at lines 2420--2420
 [][]$ [] $ 
 []


Overfull \hbox (2.61078pt too wide) in paragraph at lines 2420--2420
 [][]$ [] $ 
 []


Overfull \hbox (2.61078pt too wide) in paragraph at lines 2420--2420
 [][]$ [] $ 
 []


Overfull \hbox (2.61078pt too wide) in paragraph at lines 2420--2420
 [][]$ [] $ 
 []


Overfull \hbox (2.61078pt too wide) in paragraph at lines 2420--2420
 [][]$ [] $ 
 []


Overfull \hbox (15.03157pt too wide) in paragraph at lines 2350--2421
[][] 
 []

[28

] [29

]
Overfull \vbox (12.9408pt too high) has occurred while \output is active []

 [30]
Overfull \hbox (2.61078pt too wide) in paragraph at lines 2617--2617
 [][]$ [] $ 
 []


Overfull \hbox (2.61078pt too wide) in paragraph at lines 2617--2617
 [][]$ [] $ 
 []


Overfull \hbox (2.61078pt too wide) in paragraph at lines 2617--2617
 [][]$ [] $ 
 []


Overfull \hbox (2.61078pt too wide) in paragraph at lines 2617--2617
 [][]$ [] $ 
 []


Overfull \hbox (2.61078pt too wide) in paragraph at lines 2617--2617
 [][]$ [] $ 
 []


Overfull \hbox (2.61078pt too wide) in paragraph at lines 2617--2617
 [][]$ [] $ 
 []


Overfull \hbox (2.61078pt too wide) in paragraph at lines 2617--2617
 [][]$ [] $ 
 []


Overfull \hbox (2.61078pt too wide) in paragraph at lines 2617--2617
 [][]$ [] $ 
 []


Overfull \hbox (15.03157pt too wide) in paragraph at lines 2511--2618
[][] 
 []


Overfull \hbox (2.61078pt too wide) in paragraph at lines 2690--2690
 [][]$ [] $ 
 []


Overfull \hbox (2.61078pt too wide) in paragraph at lines 2690--2690
 [][]$ [] $ 
 []


Overfull \hbox (2.61078pt too wide) in paragraph at lines 2690--2690
 [][]$ [] $ 
 []


Overfull \hbox (2.61078pt too wide) in paragraph at lines 2690--2690
 [][]$ [] $ 
 []


Overfull \hbox (2.61078pt too wide) in paragraph at lines 2690--2690
 [][]$ [] $ 
 []


Overfull \hbox (2.61078pt too wide) in paragraph at lines 2690--2690
 [][]$ [] $ 
 []


Overfull \hbox (2.61078pt too wide) in paragraph at lines 2690--2690
 [][]$ [] $ 
 []


Overfull \hbox (2.61078pt too wide) in paragraph at lines 2690--2690
 [][]$ [] $ 
 []


Overfull \hbox (15.03157pt too wide) in paragraph at lines 2620--2691
[][] 
 []

[31

] [32

]
Overfull \vbox (14.33525pt too high) has occurred while \output is active []

 [33]
Overfull \hbox (2.61078pt too wide) in paragraph at lines 2874--2874
 [][]$ [] $ 
 []


Overfull \hbox (2.61078pt too wide) in paragraph at lines 2874--2874
 [][]$ [] $ 
 []


Overfull \hbox (2.61078pt too wide) in paragraph at lines 2874--2874
 [][]$ [] $ 
 []


Overfull \hbox (2.61078pt too wide) in paragraph at lines 2874--2874
 [][]$ [] $ 
 []


Overfull \hbox (2.61078pt too wide) in paragraph at lines 2874--2874
 [][]$ [] $ 
 []


Overfull \hbox (2.61078pt too wide) in paragraph at lines 2874--2874
 [][]$ [] $ 
 []


Overfull \hbox (2.61078pt too wide) in paragraph at lines 2874--2874
 [][]$ [] $ 
 []


Overfull \hbox (15.02434pt too wide) in paragraph at lines 2780--2875
[][] 
 []


Overfull \hbox (2.61078pt too wide) in paragraph at lines 2945--2945
 [][]$ [] $ 
 []


Overfull \hbox (2.61078pt too wide) in paragraph